<?xml version="1.0" encoding="UTF-8"?>
<testsuite name="armenta.jose.proyectofinal_tripsplit.ExampleUnitTest" tests="1" skipped="0" failures="0" errors="0" timestamp="2025-03-06T09:35:20" hostname="MacBook-Air-de-Esmeralda.local" time="0.002">
  <properties/>
  <testcase name="addition_isCorrect" classname="armenta.jose.proyectofinal_tripsplit.ExampleUnitTest" time="0.002"/>
  <system-out><![CDATA[]]></system-out>
  <system-err><![CDATA[]]></system-err>
</testsuite>
